2017-09-25T14:36:28.692Z - normal: Load ~/.CocosCreator/settings.json
2017-09-25T14:36:28.708Z - normal: checking language setting...
2017-09-25T14:36:28.708Z - normal: Language: en
2017-09-25T14:36:30.588Z - success: protocol editor-framework registered
2017-09-25T14:36:30.588Z - success: protocol app registered
2017-09-25T14:36:30.588Z - success: protocol theme registered
2017-09-25T14:36:30.588Z - success: protocol profile registered
2017-09-25T14:36:30.588Z - success: protocol packages registered
2017-09-25T14:36:30.588Z - success: protocol unpack registerred
2017-09-25T14:36:30.588Z - success: protocol disable-commonjs registerred
2017-09-25T14:36:31.151Z - normal: connected!
2017-09-25T14:36:31.151Z - normal: Check project D:\tmp\Orbs
2017-09-25T14:36:31.166Z - normal: Initializing Cocos2d
2017-09-25T14:36:31.448Z - normal: Initializing Asset Database
2017-09-25T14:36:31.510Z - success: protocol uuid registerred
2017-09-25T14:36:31.510Z - success: protocol db registerred
2017-09-25T14:36:31.510Z - success: protocol thumbnail registerred
2017-09-25T14:36:31.510Z - normal: Loading editor/builtin packages
2017-09-25T14:36:31.526Z - success: anysdk loaded
2017-09-25T14:36:31.713Z - success: assets loaded
2017-09-25T14:36:31.713Z - success: builder loaded
2017-09-25T14:36:31.713Z - success: hierarchy loaded
2017-09-25T14:36:31.713Z - success: inspector loaded
2017-09-25T14:36:31.729Z - success: keystore loaded
2017-09-25T14:36:31.729Z - success: node-library loaded
2017-09-25T14:36:31.729Z - success: package-asset loaded
2017-09-25T14:36:31.729Z - success: preferences loaded
2017-09-25T14:36:31.729Z - success: project-exporter loaded
2017-09-25T14:36:31.744Z - success: project-importer loaded
2017-09-25T14:36:31.744Z - success: project-settings loaded
2017-09-25T14:36:31.760Z - success: ui-kit loaded
2017-09-25T14:36:31.760Z - success: ui-grid loaded
2017-09-25T14:36:31.760Z - success: scene loaded
2017-09-25T14:36:31.760Z - success: sprite-editor loaded
2017-09-25T14:36:31.776Z - success: store loaded
2017-09-25T14:36:31.776Z - success: timeline loaded
2017-09-25T14:36:31.776Z - normal: Loading builtin packages
2017-09-25T14:36:31.776Z - success: asset-db-debugger loaded
2017-09-25T14:36:31.776Z - success: color-picker loaded
2017-09-25T14:36:31.791Z - success: console loaded
2017-09-25T14:36:31.791Z - success: package-manager loaded
2017-09-25T14:36:31.791Z - success: sdkbox loaded
2017-09-25T14:36:31.791Z - success: tester loaded
2017-09-25T14:36:31.791Z - success: ui-kit-preview-extra loaded
2017-09-25T14:36:31.807Z - success: ui-kit-preview loaded
2017-09-25T14:36:31.807Z - success: ui-tree loaded
2017-09-25T14:36:33.015Z - normal: Initializing project D:\tmp\Orbs
2017-09-25T14:36:33.030Z - normal: Loading packages
2017-09-25T14:36:33.030Z - normal: Watching packages
2017-09-25T14:36:33.046Z - normal: Run Application
2017-09-25T14:36:34.101Z - success: preview server running at http://localhost:7456
2017-09-25T14:36:41.818Z - normal: 1.6.1
2017-09-25T14:36:42.185Z - warn: Script attached to "score" in scene "scene.fire" is missing or invalid. Detailed information:
Node path: "Canvas/score/score"
Asset url: "db://assets/scene.fire"
Script UUID: "bddaff4f-cf23-4e06-abf2-e0ac35134364"
Class ID: "bddaf9PzyNOBqvy4Kw1E0Nk"

2017-09-25T14:36:47.429Z - info: shutdown preview server
